[07:21:56] [main/INFO]: LiteLoader 1.12.2 starting up...
[07:21:56] [main/INFO]: Active Pack: 1.12.2-SNAPSHOT-r4CC2BB0-b4-4
[07:21:56] [main/INFO]: Java reports OS="mac os x"
[07:21:56] [main/INFO]: Adding supported mod class prefix 'LiteMod'
[07:21:56] [main/INFO]: Enumerating class path...
[07:21:56] [main/INFO]: Class path separator=":"
[07:21:56] [main/INFO]: Class path entries=(
   classpathEntry=libraries/ca/weblite/java-objc-bridge/1.0.0/java-objc-bridge-1.0.0-natives-osx.jar
   classpathEntry=libraries/ca/weblite/java-objc-bridge/1.0.0/java-objc-bridge-1.0.0.jar
   classpathEntry=libraries/com/google/code/gson/gson/2.8.0/gson-2.8.0.jar
   classpathEntry=libraries/com/google/guava/guava/21.0/guava-21.0.jar
   classpathEntry=libraries/com/ibm/icu/icu4j-core-mojang/51.2/icu4j-core-mojang-51.2.jar
   classpathEntry=libraries/com/mojang/authlib/1.5.25/authlib-1.5.25.jar
   classpathEntry=libraries/com/mojang/patchy/1.1/patchy-1.1.jar
   classpathEntry=libraries/com/mojang/realms/1.10.22/realms-1.10.22.jar
   classpathEntry=libraries/com/mojang/text2speech/1.10.3/text2speech-1.10.3.jar
   classpathEntry=libraries/com/mumfrey/liteloader/1.12.2-SNAPSHOT/liteloader-1.12.2-SNAPSHOT.jar
   classpathEntry=libraries/com/paulscode/codecjorbis/20101023/codecjorbis-20101023.jar
   classpathEntry=libraries/com/paulscode/codecwav/20101023/codecwav-20101023.jar
   classpathEntry=libraries/com/paulscode/libraryjavasound/20101123/libraryjavasound-20101123.jar
   classpathEntry=libraries/com/paulscode/librarylwjglopenal/20100824/librarylwjglopenal-20100824.jar
   classpathEntry=libraries/com/paulscode/soundsystem/20120107/soundsystem-20120107.jar
   classpathEntry=libraries/com/typesafe/akka/akka-actor_2.11/2.3.3/akka-actor_2.11-2.3.3.jar
   classpathEntry=libraries/com/typesafe/config/1.2.1/config-1.2.1.jar
   classpathEntry=libraries/commons-codec/commons-codec/1.10/commons-codec-1.10.jar
   classpathEntry=libraries/commons-io/commons-io/2.5/commons-io-2.5.jar
   classpathEntry=libraries/commons-logging/commons-logging/1.1.3/commons-logging-1.1.3.jar
   classpathEntry=libraries/io/netty/netty-all/4.1.9.Final/netty-all-4.1.9.Final.jar
   classpathEntry=libraries/it/unimi/dsi/fastutil/7.1.0/fastutil-7.1.0.jar
   classpathEntry=libraries/java3d/vecmath/1.5.2/vecmath-1.5.2.jar
   classpathEntry=libraries/lzma/lzma/0.0.1/lzma-0.0.1.jar
   classpathEntry=libraries/net/java/dev/jna/jna/4.4.0/jna-4.4.0.jar
   classpathEntry=libraries/net/java/dev/jna/platform/3.4.0/platform-3.4.0.jar
   classpathEntry=libraries/net/java/jinput/jinput-platform/2.0.5/jinput-platform-2.0.5-natives-osx.jar
   classpathEntry=libraries/net/java/jinput/jinput/2.0.5/jinput-2.0.5.jar
   classpathEntry=libraries/net/java/jutils/jutils/1.0.0/jutils-1.0.0.jar
   classpathEntry=libraries/net/minecraft/launchwrapper/1.12/launchwrapper-1.12.jar
   classpathEntry=libraries/net/minecraftforge/forge/1.12.2-14.23.5.2847/forge-1.12.2-14.23.5.2847.jar
   classpathEntry=libraries/net/sf/jopt-simple/jopt-simple/5.0.3/jopt-simple-5.0.3.jar
   classpathEntry=libraries/net/sf/trove4j/trove4j/3.0.3/trove4j-3.0.3.jar
   classpathEntry=libraries/org/apache/commons/commons-compress/1.8.1/commons-compress-1.8.1.jar
   classpathEntry=libraries/org/apache/commons/commons-lang3/3.5/commons-lang3-3.5.jar
   classpathEntry=libraries/org/apache/httpcomponents/httpclient/4.3.3/httpclient-4.3.3.jar
   classpathEntry=libraries/org/apache/httpcomponents/httpcore/4.3.2/httpcore-4.3.2.jar
   classpathEntry=libraries/org/apache/logging/log4j/log4j-api/2.8.1/log4j-api-2.8.1.jar
   classpathEntry=libraries/org/apache/logging/log4j/log4j-core/2.8.1/log4j-core-2.8.1.jar
   classpathEntry=libraries/org/apache/maven/maven-artifact/3.5.3/maven-artifact-3.5.3.jar
   classpathEntry=libraries/org/jline/jline/3.5.1/jline-3.5.1.jar
   classpathEntry=libraries/org/lwjgl/lwjgl/lwjgl_util/2.9.2-nightly-20140822/lwjgl_util-2.9.2-nightly-20140822.jar
   classpathEntry=libraries/org/lwjgl/lwjgl/lwjgl-platform/2.9.2-nightly-20140822/lwjgl-platform-2.9.2-nightly-20140822-natives-osx.jar
   classpathEntry=libraries/org/lwjgl/lwjgl/lwjgl/2.9.2-nightly-20140822/lwjgl-2.9.2-nightly-20140822.jar
   classpathEntry=libraries/org/ow2/asm/asm-all/5.2/asm-all-5.2.jar
   classpathEntry=libraries/org/scala-lang/plugins/scala-continuations-library_2.11/1.0.2/scala-continuations-library_2.11-1.0.2.jar
   classpathEntry=libraries/org/scala-lang/plugins/scala-continuations-plugin_2.11.1/1.0.2/scala-continuations-plugin_2.11.1-1.0.2.jar
   classpathEntry=libraries/org/scala-lang/scala-actors-migration_2.11/1.1.0/scala-actors-migration_2.11-1.1.0.jar
   classpathEntry=libraries/org/scala-lang/scala-compiler/2.11.1/scala-compiler-2.11.1.jar
   classpathEntry=libraries/org/scala-lang/scala-library/2.11.1/scala-library-2.11.1.jar
   classpathEntry=libraries/org/scala-lang/scala-parser-combinators_2.11/1.0.1/scala-parser-combinators_2.11-1.0.1.jar
   classpathEntry=libraries/org/scala-lang/scala-reflect/2.11.1/scala-reflect-2.11.1.jar
   classpathEntry=libraries/org/scala-lang/scala-swing_2.11/1.0.1/scala-swing_2.11-1.0.1.jar
   classpathEntry=libraries/org/scala-lang/scala-xml_2.11/1.0.2/scala-xml_2.11-1.0.2.jar
   classpathEntry=libraries/oshi-project/oshi-core/1.1/oshi-core-1.1.jar
   classpathEntry=mods/library_1o1.jar
   classpathEntry=mods/library_1o2.jar
   classpathEntry=mods/library_1o3.jar
   classpathEntry=mods/library_1o4.jar
   classpathEntry=mods/module_1o1.jar
   classpathEntry=mods/module_1o10.jar
   classpathEntry=mods/module_1o2.jar
   classpathEntry=mods/module_1o3.jar
   classpathEntry=mods/module_1o4.litemod
   classpathEntry=mods/module_1o5.jar
   classpathEntry=mods/module_1o6.jar
   classpathEntry=mods/module_1o7.jar
   classpathEntry=mods/module_1o8.jar
   classpathEntry=mods/module_1o9.jar
   classpathEntry=mods/module_2o1.jar
   classpathEntry=mods/module_2o2.jar
   classpathEntry=mods/module_2o3.jar
   classpathEntry=mods/module_2o4.jar
   classpathEntry=mods/module_2o5.jar
   classpathEntry=versions/ottomine/ottomine.jar
)
[07:21:56] [main/INFO]: Registering discovery module EnumeratorModuleClassPath: [<Java Class Path>]
[07:21:56] [main/INFO]: Registering discovery module EnumeratorModuleFolder: [/Users/emir/Desktop/ottomine-launcher-/out/production/mods]
[07:21:56] [main/INFO]: Registering discovery module EnumeratorModuleFolder: [/Users/emir/Desktop/ottomine-launcher-/out/production/mods/1.12.2]
[07:21:56] [main/INFO]: Registering enumerator plugin DefaultEnumeratorPlugin: [com.mumfrey.liteloader.core.api.DefaultEnumeratorPlugin@697446d4]
[07:21:56] [main/INFO]: Discovering valid mod files in folder /Users/emir/Desktop/ottomine-launcher-/out/production/mods
[07:21:56] [main/INFO]: Discovering valid mod files in folder /Users/emir/Desktop/ottomine-launcher-/out/production/mods/1.12.2
[07:21:56] [main/INFO]: Discovering tweaks on class path...
[07:21:56] [main/INFO]: Baking listener list for EnumerationObserver with 1 listeners
[07:21:56] [main/INFO]: Registering discovered mod files in folder /Users/emir/Desktop/ottomine-launcher-/out/production/mods
[07:21:56] [main/INFO]: Registering discovered mod files in folder /Users/emir/Desktop/ottomine-launcher-/out/production/mods/1.12.2
[07:21:56] [main/INFO]: Initialising LiteLoader Mixins
[07:21:56] [main/INFO]: LiteLoader PREINIT complete
[07:22:00] [main/INFO]: FML detected, switching to searge mappings
[07:22:13] [Client thread/INFO]: JInput Component Registry is initialising...
[07:22:14] [Client thread/INFO]: Inspecting Keyboard controller Apple Internal Keyboard / Trackpad on Unknown...
[07:22:14] [Client thread/INFO]: Inspecting Mouse controller Apple Internal Keyboard / Trackpad on Unknown...
[07:22:14] [Client thread/INFO]: JInput Component Registry initialised, found 2 controller(s) 185 component(s)
[07:22:14] [Client thread/INFO]: LiteLoader begin INIT...
[07:22:14] [Client thread/INFO]: Baking listener list for CoreProvider with 2 listeners
[07:22:14] [Client thread/INFO]: Injecting external mods into class path...
[07:22:14] [Client thread/INFO]: Injecting external mods into class path...
[07:22:14] [Client thread/INFO]: Discovering mods on class path...
[07:22:14] [Client thread/INFO]: Searching /Users/emir/Desktop/ottomine-launcher-/libraries/ca/weblite/java-objc-bridge/1.0.0/java-objc-bridge-1.0.0-natives-osx.jar...
[07:22:14] [Client thread/INFO]: Searching /Users/emir/Desktop/ottomine-launcher-/libraries/ca/weblite/java-objc-bridge/1.0.0/java-objc-bridge-1.0.0.jar...
[07:22:14] [Client thread/INFO]: Searching /Users/emir/Desktop/ottomine-launcher-/libraries/com/google/code/gson/gson/2.8.0/gson-2.8.0.jar...
[07:22:14] [Client thread/INFO]: Searching /Users/emir/Desktop/ottomine-launcher-/libraries/com/google/guava/guava/21.0/guava-21.0.jar...
[07:22:14] [Client thread/INFO]: Searching /Users/emir/Desktop/ottomine-launcher-/libraries/com/ibm/icu/icu4j-core-mojang/51.2/icu4j-core-mojang-51.2.jar...
[07:22:14] [Client thread/INFO]: Searching /Users/emir/Desktop/ottomine-launcher-/libraries/com/mojang/authlib/1.5.25/authlib-1.5.25.jar...
[07:22:14] [Client thread/INFO]: Searching /Users/emir/Desktop/ottomine-launcher-/libraries/com/mojang/patchy/1.1/patchy-1.1.jar...
[07:22:14] [Client thread/INFO]: Searching /Users/emir/Desktop/ottomine-launcher-/libraries/com/mojang/realms/1.10.22/realms-1.10.22.jar...
[07:22:14] [Client thread/INFO]: Searching /Users/emir/Desktop/ottomine-launcher-/libraries/com/mojang/text2speech/1.10.3/text2speech-1.10.3.jar...
[07:22:14] [Client thread/INFO]: Searching /Users/emir/Desktop/ottomine-launcher-/libraries/com/mumfrey/liteloader/1.12.2-SNAPSHOT/liteloader-1.12.2-SNAPSHOT.jar...
[07:22:14] [Client thread/INFO]: Searching /Users/emir/Desktop/ottomine-launcher-/libraries/com/paulscode/codecjorbis/20101023/codecjorbis-20101023.jar...
[07:22:14] [Client thread/INFO]: Searching /Users/emir/Desktop/ottomine-launcher-/libraries/com/paulscode/codecwav/20101023/codecwav-20101023.jar...
[07:22:14] [Client thread/INFO]: Searching /Users/emir/Desktop/ottomine-launcher-/libraries/com/paulscode/libraryjavasound/20101123/libraryjavasound-20101123.jar...
[07:22:14] [Client thread/INFO]: Searching /Users/emir/Desktop/ottomine-launcher-/libraries/com/paulscode/librarylwjglopenal/20100824/librarylwjglopenal-20100824.jar...
[07:22:14] [Client thread/INFO]: Searching /Users/emir/Desktop/ottomine-launcher-/libraries/com/paulscode/soundsystem/20120107/soundsystem-20120107.jar...
[07:22:14] [Client thread/INFO]: Searching /Users/emir/Desktop/ottomine-launcher-/libraries/com/typesafe/akka/akka-actor_2.11/2.3.3/akka-actor_2.11-2.3.3.jar...
[07:22:14] [Client thread/INFO]: Searching /Users/emir/Desktop/ottomine-launcher-/libraries/com/typesafe/config/1.2.1/config-1.2.1.jar...
[07:22:14] [Client thread/INFO]: Searching /Users/emir/Desktop/ottomine-launcher-/libraries/commons-codec/commons-codec/1.10/commons-codec-1.10.jar...
[07:22:14] [Client thread/INFO]: Searching /Users/emir/Desktop/ottomine-launcher-/libraries/commons-io/commons-io/2.5/commons-io-2.5.jar...
[07:22:14] [Client thread/INFO]: Searching /Users/emir/Desktop/ottomine-launcher-/libraries/commons-logging/commons-logging/1.1.3/commons-logging-1.1.3.jar...
[07:22:14] [Client thread/INFO]: Searching /Users/emir/Desktop/ottomine-launcher-/libraries/io/netty/netty-all/4.1.9.Final/netty-all-4.1.9.Final.jar...
[07:22:14] [Client thread/INFO]: Searching /Users/emir/Desktop/ottomine-launcher-/libraries/it/unimi/dsi/fastutil/7.1.0/fastutil-7.1.0.jar...
[07:22:14] [Client thread/INFO]: Searching /Users/emir/Desktop/ottomine-launcher-/libraries/java3d/vecmath/1.5.2/vecmath-1.5.2.jar...
[07:22:14] [Client thread/INFO]: Searching /Users/emir/Desktop/ottomine-launcher-/libraries/lzma/lzma/0.0.1/lzma-0.0.1.jar...
[07:22:14] [Client thread/INFO]: Searching /Users/emir/Desktop/ottomine-launcher-/libraries/net/java/dev/jna/jna/4.4.0/jna-4.4.0.jar...
[07:22:14] [Client thread/INFO]: Searching /Users/emir/Desktop/ottomine-launcher-/libraries/net/java/dev/jna/platform/3.4.0/platform-3.4.0.jar...
[07:22:14] [Client thread/INFO]: Searching /Users/emir/Desktop/ottomine-launcher-/libraries/net/java/jinput/jinput-platform/2.0.5/jinput-platform-2.0.5-natives-osx.jar...
[07:22:14] [Client thread/INFO]: Searching /Users/emir/Desktop/ottomine-launcher-/libraries/net/java/jinput/jinput/2.0.5/jinput-2.0.5.jar...
[07:22:14] [Client thread/INFO]: Searching /Users/emir/Desktop/ottomine-launcher-/libraries/net/java/jutils/jutils/1.0.0/jutils-1.0.0.jar...
[07:22:14] [Client thread/INFO]: Searching /Users/emir/Desktop/ottomine-launcher-/libraries/net/minecraft/launchwrapper/1.12/launchwrapper-1.12.jar...
[07:22:14] [Client thread/INFO]: Searching /Users/emir/Desktop/ottomine-launcher-/libraries/net/minecraftforge/forge/1.12.2-14.23.5.2847/forge-1.12.2-14.23.5.2847.jar...
[07:22:14] [Client thread/INFO]: Searching /Users/emir/Desktop/ottomine-launcher-/libraries/net/sf/jopt-simple/jopt-simple/5.0.3/jopt-simple-5.0.3.jar...
[07:22:14] [Client thread/INFO]: Searching /Users/emir/Desktop/ottomine-launcher-/libraries/net/sf/trove4j/trove4j/3.0.3/trove4j-3.0.3.jar...
[07:22:14] [Client thread/INFO]: Searching /Users/emir/Desktop/ottomine-launcher-/libraries/org/apache/commons/commons-compress/1.8.1/commons-compress-1.8.1.jar...
[07:22:14] [Client thread/INFO]: Searching /Users/emir/Desktop/ottomine-launcher-/libraries/org/apache/commons/commons-lang3/3.5/commons-lang3-3.5.jar...
[07:22:14] [Client thread/INFO]: Searching /Users/emir/Desktop/ottomine-launcher-/libraries/org/apache/httpcomponents/httpclient/4.3.3/httpclient-4.3.3.jar...
[07:22:14] [Client thread/INFO]: Searching /Users/emir/Desktop/ottomine-launcher-/libraries/org/apache/httpcomponents/httpcore/4.3.2/httpcore-4.3.2.jar...
[07:22:14] [Client thread/INFO]: Searching /Users/emir/Desktop/ottomine-launcher-/libraries/org/apache/logging/log4j/log4j-api/2.8.1/log4j-api-2.8.1.jar...
[07:22:14] [Client thread/INFO]: Searching /Users/emir/Desktop/ottomine-launcher-/libraries/org/apache/logging/log4j/log4j-core/2.8.1/log4j-core-2.8.1.jar...
[07:22:14] [Client thread/INFO]: Searching /Users/emir/Desktop/ottomine-launcher-/libraries/org/apache/maven/maven-artifact/3.5.3/maven-artifact-3.5.3.jar...
[07:22:14] [Client thread/INFO]: Searching /Users/emir/Desktop/ottomine-launcher-/libraries/org/jline/jline/3.5.1/jline-3.5.1.jar...
[07:22:14] [Client thread/INFO]: Searching /Users/emir/Desktop/ottomine-launcher-/libraries/org/lwjgl/lwjgl/lwjgl_util/2.9.2-nightly-20140822/lwjgl_util-2.9.2-nightly-20140822.jar...
[07:22:14] [Client thread/INFO]: Searching /Users/emir/Desktop/ottomine-launcher-/libraries/org/lwjgl/lwjgl/lwjgl-platform/2.9.2-nightly-20140822/lwjgl-platform-2.9.2-nightly-20140822-natives-osx.jar...
[07:22:14] [Client thread/INFO]: Searching /Users/emir/Desktop/ottomine-launcher-/libraries/org/lwjgl/lwjgl/lwjgl/2.9.2-nightly-20140822/lwjgl-2.9.2-nightly-20140822.jar...
[07:22:14] [Client thread/INFO]: Searching /Users/emir/Desktop/ottomine-launcher-/libraries/org/ow2/asm/asm-all/5.2/asm-all-5.2.jar...
[07:22:14] [Client thread/INFO]: Searching /Users/emir/Desktop/ottomine-launcher-/libraries/org/scala-lang/plugins/scala-continuations-library_2.11/1.0.2/scala-continuations-library_2.11-1.0.2.jar...
[07:22:14] [Client thread/INFO]: Searching /Users/emir/Desktop/ottomine-launcher-/libraries/org/scala-lang/plugins/scala-continuations-plugin_2.11.1/1.0.2/scala-continuations-plugin_2.11.1-1.0.2.jar...
[07:22:14] [Client thread/INFO]: Searching /Users/emir/Desktop/ottomine-launcher-/libraries/org/scala-lang/scala-actors-migration_2.11/1.1.0/scala-actors-migration_2.11-1.1.0.jar...
[07:22:14] [Client thread/INFO]: Searching /Users/emir/Desktop/ottomine-launcher-/libraries/org/scala-lang/scala-compiler/2.11.1/scala-compiler-2.11.1.jar...
[07:22:14] [Client thread/INFO]: Searching /Users/emir/Desktop/ottomine-launcher-/libraries/org/scala-lang/scala-library/2.11.1/scala-library-2.11.1.jar...
[07:22:14] [Client thread/INFO]: Searching /Users/emir/Desktop/ottomine-launcher-/libraries/org/scala-lang/scala-parser-combinators_2.11/1.0.1/scala-parser-combinators_2.11-1.0.1.jar...
[07:22:14] [Client thread/INFO]: Searching /Users/emir/Desktop/ottomine-launcher-/libraries/org/scala-lang/scala-reflect/2.11.1/scala-reflect-2.11.1.jar...
[07:22:14] [Client thread/INFO]: Searching /Users/emir/Desktop/ottomine-launcher-/libraries/org/scala-lang/scala-swing_2.11/1.0.1/scala-swing_2.11-1.0.1.jar...
[07:22:14] [Client thread/INFO]: Searching /Users/emir/Desktop/ottomine-launcher-/libraries/org/scala-lang/scala-xml_2.11/1.0.2/scala-xml_2.11-1.0.2.jar...
[07:22:14] [Client thread/INFO]: Searching /Users/emir/Desktop/ottomine-launcher-/libraries/oshi-project/oshi-core/1.1/oshi-core-1.1.jar...
[07:22:14] [Client thread/INFO]: Searching /Users/emir/Desktop/ottomine-launcher-/mods/library_1o1.jar...
[07:22:14] [Client thread/INFO]: Searching /Users/emir/Desktop/ottomine-launcher-/mods/library_1o2.jar...
[07:22:14] [Client thread/INFO]: Searching /Users/emir/Desktop/ottomine-launcher-/mods/library_1o3.jar...
[07:22:14] [Client thread/INFO]: Searching /Users/emir/Desktop/ottomine-launcher-/mods/library_1o4.jar...
[07:22:14] [Client thread/INFO]: Searching /Users/emir/Desktop/ottomine-launcher-/mods/module_1o1.jar...
[07:22:14] [Client thread/INFO]: Searching /Users/emir/Desktop/ottomine-launcher-/mods/module_1o10.jar...
[07:22:14] [Client thread/INFO]: Searching /Users/emir/Desktop/ottomine-launcher-/mods/module_1o2.jar...
[07:22:14] [Client thread/INFO]: Searching /Users/emir/Desktop/ottomine-launcher-/mods/module_1o3.jar...
[07:22:14] [Client thread/INFO]: Searching /Users/emir/Desktop/ottomine-launcher-/mods/module_1o4.litemod...
[07:22:14] [Client thread/INFO]: Found 1 potential matches
[07:22:14] [Client thread/INFO]: Searching /Users/emir/Desktop/ottomine-launcher-/mods/module_1o5.jar...
[07:22:14] [Client thread/INFO]: Searching /Users/emir/Desktop/ottomine-launcher-/mods/module_1o6.jar...
[07:22:14] [Client thread/INFO]: Searching /Users/emir/Desktop/ottomine-launcher-/mods/module_1o7.jar...
[07:22:14] [Client thread/INFO]: Searching /Users/emir/Desktop/ottomine-launcher-/mods/module_1o8.jar...
[07:22:14] [Client thread/INFO]: Searching /Users/emir/Desktop/ottomine-launcher-/mods/module_1o9.jar...
[07:22:14] [Client thread/INFO]: Searching /Users/emir/Desktop/ottomine-launcher-/mods/module_2o1.jar...
[07:22:14] [Client thread/INFO]: Searching /Users/emir/Desktop/ottomine-launcher-/mods/module_2o2.jar...
[07:22:14] [Client thread/INFO]: Searching /Users/emir/Desktop/ottomine-launcher-/mods/module_2o3.jar...
[07:22:14] [Client thread/INFO]: Searching /Users/emir/Desktop/ottomine-launcher-/mods/module_2o4.jar...
[07:22:14] [Client thread/INFO]: Searching /Users/emir/Desktop/ottomine-launcher-/mods/module_2o5.jar...
[07:22:14] [Client thread/INFO]: Searching /Users/emir/Desktop/ottomine-launcher-/versions/ottomine/ottomine.jar...
[07:22:14] [Client thread/INFO]: Discovering mods in valid mod files...
[07:22:14] [Client thread/INFO]: Discovering mods in valid mod files...
[07:22:14] [Client thread/INFO]: Mod class discovery completed
[07:22:14] [Client thread/INFO]: LiteLoader begin POSTINIT...
[07:22:14] [Client thread/INFO]: Inhibiting sound handler reload
[07:22:14] [Client thread/INFO]: Registering interface provider com.mumfrey.liteloader.client.LiteLoaderEventBrokerClient for API LiteLoader core API
[07:22:14] [Client thread/INFO]: Registering interface provider com.mumfrey.liteloader.client.PacketEventsClient for API LiteLoader core API
[07:22:14] [Client thread/INFO]: Registering interface provider com.mumfrey.liteloader.client.ClientPluginChannelsClient for API LiteLoader core API
[07:22:14] [Client thread/INFO]: Registering interface provider com.mumfrey.liteloader.core.ServerPluginChannels for API LiteLoader core API
[07:22:14] [Client thread/INFO]: Registering interface provider com.mumfrey.liteloader.messaging.MessageBus for API LiteLoader core API
[07:22:14] [Client thread/INFO]: Discovered 1 total mod(s), injected 0 tweak(s)
[07:22:14] [Client thread/INFO]: Loading mod from com.mamiyaotaru.chatbubbles.litemod.LiteModChatBubbles
[07:22:14] [Client thread/INFO]: Baking listener list for ModLoadObserver with 1 listeners
[07:22:14] [Client thread/INFO]: Successfully added mod ChatBubbles version 1.0.2
[07:22:14] [Client thread/INFO]: Adding "/Users/emir/Desktop/ottomine-launcher-/mods/module_1o4.litemod" to active resource pack set
[07:22:14] [Client thread/INFO]: Setting up "module_1o4.litemod" as mod resource pack with identifier "ChatBubbles"
[07:22:14] [Client thread/INFO]: Successfully added "/Users/emir/Desktop/ottomine-launcher-/mods/module_1o4.litemod" to active resource pack set
[07:22:14] [Client thread/INFO]: Initialising mod ChatBubbles version 1.0.2
[07:22:14] [Client thread/INFO]: Baking listener list for InterfaceObserver with 0 listeners
[07:22:16] [Client thread/INFO]: Calling late init for mod ChatBubbles
[07:22:16] [Client thread/INFO]: Baking listener list for ViewportListener with 0 listeners
[07:22:16] [Client thread/INFO]: Sound handler reload inhibit removed
[07:22:16] [Client thread/INFO]: Reloading sound handler
[07:22:17] [Client thread/INFO]: Baking listener list for GameLoopListener with 0 listeners
[07:22:17] [Client thread/INFO]: Baking listener list for RenderListener with 0 listeners
[07:22:18] [Client thread/INFO]: Baking listener list for TickObserver with 3 listeners
[07:22:18] [Client thread/INFO]: Baking listener list for PostRenderObserver with 3 listeners
[07:22:18] [Client thread/INFO]: Baking listener list for Tickable with 1 listeners
[07:22:18] [Client thread/INFO]: Baking listener list for FrameBufferListener with 0 listeners
